Information,12/23/2019 6:53:06 PM,Microsoft-Windows-WindowsUpdateClient,43,Windows Update Agent,Installation Started: Windows has started installing the following update: Security Intelligence Update for Windows Defender Antivirus - KB2267602 (Version 1.307.1028.0)
Information,12/23/2019 6:53:06 PM,Microsoft-Windows-WindowsUpdateClient,41,Windows Update Agent,An update was downloaded.
Information,12/23/2019 6:53:06 PM,Microsoft-Windows-WindowsUpdateClient,44,Windows Update Agent,Windows Update started downloading an update.
Information,12/23/2019 6:53:06 PM,Microsoft-Windows-WindowsUpdateClient,26,Windows Update Agent,Windows Update successfully found 1 updates.
Information,12/23/2019 6:53:06 PM,Microsoft-Windows-WindowsUpdateClient,26,Windows Update Agent,Windows Update successfully found 2 updates.
Information,12/23/2019 1:39:46 PM,Microsoft-Windows-Kernel-Power,107,(102),The system has resumed from sleep.
Information,12/23/2019 1:39:43 PM,Microsoft-Windows-Kernel-Power,42,(64),"The system is entering sleep.

Sleep Reason: System Idle"
Information,12/23/2019 1:16:18 AM,Microsoft-Windows-Kernel-Power,107,(102),The system has resumed from sleep.
Information,12/23/2019 1:16:15 AM,Microsoft-Windows-Kernel-Power,42,(64),"The system is entering sleep.

Sleep Reason: Application API"
Information,12/22/2019 5:08:16 PM,Microsoft-Windows-WindowsUpdateClient,26,Windows Update Agent,Windows Update successfully found 0 updates.
Information,12/22/2019 5:08:16 PM,Microsoft-Windows-WindowsUpdateClient,26,Windows Update Agent,Windows Update successfully found 0 updates.
Information,12/22/2019 4:57:54 PM,Microsoft-Windows-WindowsUpdateClient,19,Windows Update Agent,Installation Successful: Windows successfully installed the following update: Security Intelligence Update for Windows Defender Antivirus - KB2267602 (Version 1.307.966.0)
Information,12/22/2019 4:57:45 PM,Microsoft-Windows-WindowsUpdateClient,43,Windows Update Agent,Installation Started: Windows has started installing the following update: Security Intelligence Update for Windows Defender Antivirus - KB2267602 (Version 1.307.966.0)
Information,12/22/2019 4:57:45 PM,Microsoft-Windows-WindowsUpdateClient,41,Windows Update Agent,An update was downloaded.
Information,12/22/2019 4:57:45 PM,Microsoft-Windows-WindowsUpdateClient,44,Windows Update Agent,Windows Update started downloading an update.
Information,12/22/2019 4:57:45 PM,Microsoft-Windows-WindowsUpdateClient,26,Windows Update Agent,Windows Update successfully found 1 updates.
Information,12/22/2019 4:57:45 PM,Microsoft-Windows-WindowsUpdateClient,26,Windows Update Agent,Windows Update successfully found 2 updates.
Information,12/22/2019 4:57:45 PM,Microsoft-Windows-WindowsUpdateClient,26,Windows Update Agent,Windows Update successfully found 0 updates.
Information,12/21/2019 3:49:42 AM,Microsoft-Windows-Kernel-Power,107,(102),The system has resumed from sleep.
Information,12/21/2019 3:49:40 AM,Microsoft-Windows-Kernel-Power,42,(64),"The system is entering sleep.

Sleep Reason: System Idle"
Information,12/21/2019 1:52:55 AM,Microsoft-Windows-WindowsUpdateClient,19,Windows Update Agent,Installation Successful: Windows successfully installed the following update: Security Intelligence Update for Windows Defender Antivirus - KB2267602 (Version 1.307.871.0)
Information,12/21/2019 1:52:45 AM,Microsoft-Windows-WindowsUpdateClient,43,Windows Update Agent,Installation Started: Windows has started installing the following update: Security Intelligence Update for Windows Defender Antivirus - KB2267602 (Version 1.307.871.0)
Information,12/21/2019 1:52:45 AM,Microsoft-Windows-WindowsUpdateClient,41,Windows Update Agent,An update was downloaded.
Information,12/21/2019 1:52:45 AM,Microsoft-Windows-WindowsUpdateClient,44,Windows Update Agent,Windows Update started downloading an update.
